2025-02-15 19:38:25.995801
2025-02-15 19:39:15.937269
2025-02-15 19:40:02.046472
2025-02-15 19:40:44.878524
___________________________________
2025-02-16 05:39:41.987538
2025-02-16 12:26:33.370406
2025-02-16 18:40:42.600690
2025-02-16 18:58:18.554433
2025-02-17 00:53:06.373836
2025-02-17 00:56:44.760569
2025-02-17 00:58:35.495915
2025-02-17 00:59:38.036301
2025-02-17 01:02:20.235413
2025-02-17 04:30:58.222882
2025-02-17 11:00:46.912640
2025-02-17 12:47:35.283999
2025-02-17 13:59:57.203557
2025-02-17 14:24:38.175920
2025-02-17 14:24:58.624995
2025-02-17 14:25:20.335127
2025-02-17 14:25:42.168010
2025-02-17 23:16:43.268727
2025-02-18 17:55:39.110060
2025-02-19 01:03:06.619712
2025-02-19 01:03:52.810720
2025-02-19 01:04:11.821012
2025-02-19 03:31:29.557585
2025-02-19 03:31:34.311210
2025-02-19 03:31:52.384733
2025-02-19 03:31:54.921014
2025-02-19 05:02:53.266202
2025-02-19 05:33:45.671132
2025-02-19 05:34:06.251960
2025-02-19 05:34:26.224545
2025-02-19 05:34:46.220862
2025-02-19 05:35:28.573489
2025-02-20 10:11:02.469682
2025-02-20 10:11:21.887655
2025-02-20 10:11:38.736993
2025-02-20 10:11:57.453403
2025-02-20 10:12:17.451467
2025-02-20 10:12:37.422080
2025-02-20 10:12:57.423653
2025-02-20 10:13:17.419665
2025-02-20 10:13:40.267204
2025-02-20 10:15:41.098164
2025-02-20 12:07:37.845295
2025-02-20 12:07:38.002724
2025-02-20 12:07:52.280072
2025-02-20 12:07:58.174974
2025-02-20 12:08:18.146901
2025-02-20 12:08:38.143879
2025-02-21 00:04:14.037140
2025-02-21 00:04:14.441161
2025-02-21 00:04:14.815218
2025-02-21 00:04:14.944509
2025-02-21 00:04:31.349564
2025-02-21 00:04:31.574384
2025-02-21 00:04:33.618183
2025-02-21 00:04:47.911805
2025-02-21 00:04:48.697742
2025-02-21 00:04:50.320749
2025-02-21 00:05:06.904211
2025-02-21 00:05:07.581501
2025-02-21 00:20:05.500899
2025-02-21 00:20:05.810273
2025-02-21 05:22:06.646071
2025-02-21 05:22:07.047946
2025-02-21 05:22:07.057990
2025-02-21 05:22:07.159292
2025-02-21 05:22:22.885505
2025-02-21 09:51:25.253199
2025-02-21 09:51:25.810656
2025-02-21 09:51:26.160144
2025-02-21 09:51:47.035072
2025-02-21 09:51:47.572651
2025-02-21 09:52:09.279507
2025-02-21 09:52:25.306637
2025-02-21 09:52:25.860123
2025-02-21 09:52:42.056967
2025-02-21 09:52:58.502103
2025-02-21 12:02:37.997378
2025-02-21 12:02:57.393775
2025-02-21 12:03:17.390455
2025-02-21 12:03:37.387767
2025-02-21 12:03:57.368405
2025-02-22 00:29:28.939240
2025-02-22 00:29:44.252344
2025-02-22 02:29:14.132221
2025-02-22 02:29:36.955427
2025-02-22 07:54:49.500894
2025-02-22 16:15:21.274508
2025-02-22 16:17:05.795371
2025-02-22 17:47:56.278336
2025-02-22 19:17:47.737303
2025-02-23 01:08:34.354747
2025-02-23 20:03:51.173891
2025-02-23 20:04:05.206501
2025-02-23 23:38:42.923939
2025-02-23 23:38:56.118833
2025-02-23 23:39:09.300197
2025-02-23 23:39:22.531854
2025-02-23 23:39:23.564919
2025-02-23 23:39:36.815135
2025-02-23 23:39:50.012800
2025-02-23 23:40:21.411447
2025-02-23 23:40:34.625465
2025-02-23 23:40:47.834308
2025-02-23 23:41:01.038929
____________________________
2025-02-24 12:09:21.950450
k18d4fld 0.0
2025-02-24 12:45:50.587870
2025-02-24 12:46:00.834570
2025-02-24 12:46:11.059310
2025-02-24 12:46:21.280880
2025-02-24 12:46:31.508249
2025-02-24 12:46:41.695048
2025-02-24 12:46:51.869347
2025-02-24 12:47:02.065380
2025-02-24 12:47:12.261870
2025-02-24 12:47:22.451582
2025-02-24 12:47:32.647430
2025-02-24 12:47:42.863297
2025-02-24 12:47:44.734087
____________________________
2025-02-24 17:04:21.145790
k18d4fld -0.01769: 2025-02-24 17:04:31.864714
2025-02-24 17:04:46.593934
k18d4fld -0.010965: 2025-02-24 17:04:57.273183
2025-02-24 17:05:11.996916
k18d4fld -0.009848: 2025-02-24 17:05:22.698331
2025-02-24 17:05:37.426973
k18d4fld -0.00941: 2025-02-24 17:05:48.108774
2025-02-24 17:06:02.829951
k18d4fld -0.009083: 2025-02-24 17:06:13.520829
2025-02-24 17:06:28.248082
k18d4fld -0.008872: 2025-02-24 17:06:38.942588
2025-02-24 17:06:53.724938
k18d4fld -0.008717: 2025-02-24 17:07:04.417642
2025-02-24 17:07:19.140573
k18d4fld -0.008605: 2025-02-24 17:07:29.817592
2025-02-24 17:07:44.544534
k18d4fld -0.008519: 2025-02-24 17:07:55.213849
2025-02-24 17:08:09.942111
k18d4fld -0.008452: 2025-02-24 17:08:20.632713
2025-02-24 17:08:35.363513
2025-02-24 17:39:19.479802
k18d4fld -0.008137: 2025-02-24 17:39:30.162670
____________________________
